starting tree 1
max depth: 18
avg leaf node depth: 6.80476
num leaf nodes: 2858
starting tree 1
max depth: 16
avg leaf node depth: 6.49834
num leaf nodes: 2711
starting tree 1
max depth: 18
avg leaf node depth: 6.518
num leaf nodes: 2834
starting tree 1
max depth: 18
avg leaf node depth: 7.07288
num leaf nodes: 3403
starting tree 1
max depth: 17
avg leaf node depth: 7.02782
num leaf nodes: 3163
starting tree 1
max depth: 17
avg leaf node depth: 6.8677
num leaf nodes: 2978
starting tree 1
max depth: 17
avg leaf node depth: 6.97203
num leaf nodes: 3039
starting tree 1
max depth: 18
avg leaf node depth: 7.18554
num leaf nodes: 3320
starting tree 1
max depth: 17
avg leaf node depth: 6.79698
num leaf nodes: 3044
starting tree 1
max depth: 15
avg leaf node depth: 7.20504
num leaf nodes: 3370
starting tree 1
max depth: 17
avg leaf node depth: 6.49843
num leaf nodes: 13715
starting tree 1
max depth: 15
avg leaf node depth: 6.33029
num leaf nodes: 12913
starting tree 1
max depth: 15
avg leaf node depth: 6.24477
num leaf nodes: 13678
starting tree 1
max depth: 19
avg leaf node depth: 6.73692
num leaf nodes: 16003
starting tree 1
max depth: 19
avg leaf node depth: 6.95058
num leaf nodes: 15643
starting tree 1
max depth: 18
avg leaf node depth: 6.70908
num leaf nodes: 14399
starting tree 1
max depth: 19
avg leaf node depth: 6.74852
num leaf nodes: 14665
starting tree 1
max depth: 17
avg leaf node depth: 6.83259
num leaf nodes: 15435
starting tree 1
max depth: 17
avg leaf node depth: 6.67818
num leaf nodes: 15232
starting tree 1
max depth: 16
avg leaf node depth: 7.0578
num leaf nodes: 16158
starting tree 1
max depth: 20
avg leaf node depth: 7.38907
num leaf nodes: 9677
starting tree 1
max depth: 19
avg leaf node depth: 6.98124
num leaf nodes: 9326
starting tree 1
max depth: 18
avg leaf node depth: 7.14336
num leaf nodes: 9919
starting tree 1
max depth: 21
avg leaf node depth: 7.35667
num leaf nodes: 10514
starting tree 1
max depth: 21
avg leaf node depth: 7.48869
num leaf nodes: 10256
starting tree 1
max depth: 22
avg leaf node depth: 7.42412
num leaf nodes: 10148
starting tree 1
max depth: 22
avg leaf node depth: 7.30889
num leaf nodes: 10078
starting tree 1
max depth: 20
avg leaf node depth: 7.51689
num leaf nodes: 10567
starting tree 1
max depth: 20
avg leaf node depth: 7.35923
num leaf nodes: 10478
starting tree 1
max depth: 20
avg leaf node depth: 7.55456
num leaf nodes: 10668
starting tree 1
max depth: 32
avg leaf node depth: 9.93676
num leaf nodes: 81231
starting tree 1
max depth: 28
avg leaf node depth: 9.85233
num leaf nodes: 76900
starting tree 1
max depth: 30
avg leaf node depth: 9.89186
num leaf nodes: 79802
starting tree 1
max depth: 30
avg leaf node depth: 9.90007
num leaf nodes: 82809
starting tree 1
max depth: 37
avg leaf node depth: 10.0209
num leaf nodes: 81521
starting tree 1
max depth: 30
avg leaf node depth: 9.95106
num leaf nodes: 83586
starting tree 1
max depth: 35
avg leaf node depth: 10.0753
num leaf nodes: 82654
starting tree 1
max depth: 31
avg leaf node depth: 10.0433
num leaf nodes: 84268
starting tree 1
max depth: 30
avg leaf node depth: 9.94506
num leaf nodes: 82101
starting tree 1
max depth: 30
avg leaf node depth: 9.92008
num leaf nodes: 80476
starting tree 1
max depth: 17
avg leaf node depth: 6.76878
num leaf nodes: 2876
starting tree 1
max depth: 15
avg leaf node depth: 6.50037
num leaf nodes: 2710
starting tree 1
max depth: 20
avg leaf node depth: 6.36406
num leaf nodes: 2766
starting tree 1
max depth: 17
avg leaf node depth: 7.06283
num leaf nodes: 3406
starting tree 1
max depth: 17
avg leaf node depth: 7.13902
num leaf nodes: 3201
starting tree 1
max depth: 17
avg leaf node depth: 7.01622
num leaf nodes: 3144
starting tree 1
max depth: 16
avg leaf node depth: 7.0765
num leaf nodes: 3059
starting tree 1
max depth: 18
avg leaf node depth: 7.10467
num leaf nodes: 3191
starting tree 1
max depth: 18
avg leaf node depth: 6.82992
num leaf nodes: 3128
starting tree 1
max depth: 16
avg leaf node depth: 7.1166
num leaf nodes: 3319
starting tree 1
max depth: 28
avg leaf node depth: 10.5122
num leaf nodes: 98805
starting tree 1
max depth: 27
avg leaf node depth: 10.4169
num leaf nodes: 95590
starting tree 1
max depth: 27
avg leaf node depth: 10.5462
num leaf nodes: 96638
starting tree 1
max depth: 26
avg leaf node depth: 10.4957
num leaf nodes: 97872
starting tree 1
max depth: 28
avg leaf node depth: 10.5715
num leaf nodes: 99636
starting tree 1
max depth: 28
avg leaf node depth: 10.5622
num leaf nodes: 99994
starting tree 1
max depth: 27
avg leaf node depth: 10.6323
num leaf nodes: 95847
starting tree 1
max depth: 27
avg leaf node depth: 10.6535
num leaf nodes: 100523
starting tree 1
max depth: 31
avg leaf node depth: 10.5417
num leaf nodes: 98415
starting tree 1
max depth: 30
avg leaf node depth: 10.5548
num leaf nodes: 98616
starting tree 1
max depth: 23
avg leaf node depth: 8.54383
num leaf nodes: 37552
starting tree 1
max depth: 22
avg leaf node depth: 8.26394
num leaf nodes: 34413
starting tree 1
max depth: 21
avg leaf node depth: 8.39399
num leaf nodes: 36950
starting tree 1
max depth: 23
avg leaf node depth: 8.49333
num leaf nodes: 39140
starting tree 1
max depth: 22
avg leaf node depth: 8.52973
num leaf nodes: 38159
starting tree 1
max depth: 23
avg leaf node depth: 8.52658
num leaf nodes: 38334
starting tree 1
max depth: 23
avg leaf node depth: 8.51451
num leaf nodes: 37327
starting tree 1
max depth: 21
avg leaf node depth: 8.6037
num leaf nodes: 38774
starting tree 1
max depth: 22
avg leaf node depth: 8.50023
num leaf nodes: 38324
starting tree 1
max depth: 21
avg leaf node depth: 8.49299
num leaf nodes: 37512
starting tree 1
max depth: 27
avg leaf node depth: 10.7804
num leaf nodes: 73946
starting tree 1
max depth: 30
avg leaf node depth: 10.6145
num leaf nodes: 70138
starting tree 1
max depth: 27
avg leaf node depth: 10.6986
num leaf nodes: 71870
starting tree 1
max depth: 28
avg leaf node depth: 10.7342
num leaf nodes: 74495
starting tree 1
max depth: 26
avg leaf node depth: 10.7082
num leaf nodes: 72348
starting tree 1
max depth: 27
avg leaf node depth: 10.712
num leaf nodes: 73872
starting tree 1
max depth: 25
avg leaf node depth: 10.6819
num leaf nodes: 72150
starting tree 1
max depth: 28
avg leaf node depth: 10.8534
num leaf nodes: 72703
starting tree 1
max depth: 25
avg leaf node depth: 10.6586
num leaf nodes: 72115
starting tree 1
max depth: 27
avg leaf node depth: 10.6752
num leaf nodes: 72261
starting tree 1
max depth: 38
avg leaf node depth: 9.95619
num leaf nodes: 72831
starting tree 1
max depth: 29
avg leaf node depth: 9.86843
num leaf nodes: 69251
starting tree 1
max depth: 29
avg leaf node depth: 9.91558
num leaf nodes: 70954
starting tree 1
max depth: 31
avg leaf node depth: 9.9139
num leaf nodes: 73344
starting tree 1
max depth: 32
avg leaf node depth: 10.0087
num leaf nodes: 73320
starting tree 1
max depth: 32
avg leaf node depth: 10.0237
num leaf nodes: 72704
starting tree 1
max depth: 35
avg leaf node depth: 9.96101
num leaf nodes: 71895
starting tree 1
max depth: 32
avg leaf node depth: 9.995
num leaf nodes: 73937
starting tree 1
max depth: 31
avg leaf node depth: 10.0422
num leaf nodes: 73185
starting tree 1
max depth: 30
avg leaf node depth: 9.95607
num leaf nodes: 73178
starting tree 1
max depth: 2
avg leaf node depth: 1.91501
num leaf nodes: 553
starting tree 1
max depth: 2
avg leaf node depth: 1.88683
num leaf nodes: 539
starting tree 1
max depth: 2
avg leaf node depth: 1.93428
num leaf nodes: 563
starting tree 1
max depth: 2
avg leaf node depth: 1.94921
num leaf nodes: 571
starting tree 1
max depth: 2
avg leaf node depth: 1.92473
num leaf nodes: 558
starting tree 1
max depth: 2
avg leaf node depth: 1.84837
num leaf nodes: 521
starting tree 1
max depth: 2
avg leaf node depth: 1.93428
num leaf nodes: 563
starting tree 1
max depth: 2
avg leaf node depth: 1.90909
num leaf nodes: 550
starting tree 1
max depth: 2
avg leaf node depth: 1.96907
num leaf nodes: 582
starting tree 1
max depth: 2
avg leaf node depth: 1.92857
num leaf nodes: 560
starting tree 1
max depth: 17
avg leaf node depth: 6.75504
num leaf nodes: 15411
starting tree 1
max depth: 15
avg leaf node depth: 6.37057
num leaf nodes: 12972
starting tree 1
max depth: 20
avg leaf node depth: 9.84756
num leaf nodes: 14773
starting tree 1
max depth: 19
avg leaf node depth: 9.80846
num leaf nodes: 14425
starting tree 1
max depth: 20
avg leaf node depth: 9.87856
num leaf nodes: 14707
starting tree 1
max depth: 19
avg leaf node depth: 9.9237
num leaf nodes: 14745
starting tree 1
max depth: 20
avg leaf node depth: 9.89431
num leaf nodes: 14855
starting tree 1
max depth: 19
avg leaf node depth: 9.91492
num leaf nodes: 14621
starting tree 1
max depth: 20
avg leaf node depth: 9.84266
num leaf nodes: 14624
starting tree 1
max depth: 20
avg leaf node depth: 9.90698
num leaf nodes: 14707
starting tree 1
max depth: 20
avg leaf node depth: 9.78811
num leaf nodes: 14852
starting tree 1
max depth: 20
avg leaf node depth: 9.8318
num leaf nodes: 14643
starting tree 1slurmstepd: error: *** JOB 38946461 ON bigmem0017 CANCELLED AT 2019-12-22T20:21:37 ***
