starting tree 1
max depth: 40
avg leaf node depth: 16.5133
num leaf nodes: 1107407
starting tree 1
max depth: 38
avg leaf node depth: 16.5851
num leaf nodes: 1105171
starting tree 1
max depth: 39
avg leaf node depth: 16.5608
num leaf nodes: 1110396
starting tree 1
max depth: 38
avg leaf node depth: 16.4727
num leaf nodes: 1105283
starting tree 1
max depth: 40
avg leaf node depth: 16.429
num leaf nodes: 1109075
starting tree 1
max depth: 37
avg leaf node depth: 16.4749
num leaf nodes: 1116054
starting tree 1
max depth: 39
avg leaf node depth: 16.5087
num leaf nodes: 1108898
starting tree 1
max depth: 40
avg leaf node depth: 16.4941
num leaf nodes: 1110679
starting tree 1
max depth: 41
avg leaf node depth: 16.4981
num leaf nodes: 1110066
starting tree 1
max depth: 37
avg leaf node depth: 16.4249
num leaf nodes: 1106067
starting tree 1
max depth: 38
avg leaf node depth: 16.4873
num leaf nodes: 1184245
starting tree 1
max depth: 39
avg leaf node depth: 16.4956
num leaf nodes: 1184018
starting tree 1
max depth: 39
avg leaf node depth: 16.495
num leaf nodes: 1185804
starting tree 1
max depth: 40
avg leaf node depth: 16.4696
num leaf nodes: 1187849
starting tree 1
max depth: 42
avg leaf node depth: 16.4455
num leaf nodes: 1187153
starting tree 1
max depth: 39
avg leaf node depth: 16.5202
num leaf nodes: 1195637
starting tree 1
max depth: 37
avg leaf node depth: 16.4444
num leaf nodes: 1184873
starting tree 1
max depth: 39
avg leaf node depth: 16.5039
num leaf nodes: 1188582
starting tree 1
max depth: 41
avg leaf node depth: 16.4593
num leaf nodes: 1189370
starting tree 1
max depth: 38
avg leaf node depth: 16.5355
num leaf nodes: 1187577
starting tree 1
max depth: 37
avg leaf node depth: 16.2749
num leaf nodes: 383198
starting tree 1
max depth: 37
avg leaf node depth: 16.414
num leaf nodes: 383286
starting tree 1
max depth: 38
avg leaf node depth: 16.4046
num leaf nodes: 383962
starting tree 1
max depth: 37
avg leaf node depth: 16.5122
num leaf nodes: 385045
starting tree 1
max depth: 37
avg leaf node depth: 16.4153
num leaf nodes: 384350
starting tree 1
max depth: 38
avg leaf node depth: 16.434
num leaf nodes: 385059
starting tree 1
max depth: 35
avg leaf node depth: 16.5015
num leaf nodes: 383367
starting tree 1
max depth: 36
avg leaf node depth: 16.44
num leaf nodes: 385135
starting tree 1
max depth: 37
avg leaf node depth: 16.4451
num leaf nodes: 384513
starting tree 1
max depth: 35
avg leaf node depth: 16.5082
num leaf nodes: 383355
starting tree 1
max depth: 2
avg leaf node depth: 2
num leaf nodes: 1800
starting tree 1
max depth: 2
avg leaf node depth: 2
num leaf nodes: 1800
starting tree 1
max depth: 2
avg leaf node depth: 2
num leaf nodes: 1800
starting tree 1
max depth: 2
avg leaf node depth: 2
num leaf nodes: 1800
starting tree 1
max depth: 2
avg leaf node depth: 2
num leaf nodes: 1800
starting tree 1
max depth: 2
avg leaf node depth: 2
num leaf nodes: 1800
starting tree 1
max depth: 2
avg leaf node depth: 2
num leaf nodes: 1800
starting tree 1