starting tree 1
max depth: 23
avg leaf node depth: 7.93609
num leaf nodes: 15130
starting tree 1
max depth: 20
avg leaf node depth: 8.02385
num leaf nodes: 14927
starting tree 1
max depth: 20
avg leaf node depth: 7.95614
num leaf nodes: 15140
starting tree 1
max depth: 19
avg leaf node depth: 7.81144
num leaf nodes: 14924
starting tree 1
max depth: 19
avg leaf node depth: 7.86536
num leaf nodes: 15040
starting tree 1
max depth: 19
avg leaf node depth: 7.90321
num leaf nodes: 15002
starting tree 1
max depth: 19
avg leaf node depth: 7.88955
num leaf nodes: 14957
starting tree 1
max depth: 19
avg leaf node depth: 7.92651
num leaf nodes: 15009
starting tree 1
max depth: 20
avg leaf node depth: 7.83632
num leaf nodes: 15310
starting tree 1
max depth: 19
avg leaf node depth: 7.8671
num leaf nodes: 15455
starting tree 1
max depth: 24
avg leaf node depth: 8.88464
num leaf nodes: 42068
starting tree 1
max depth: 24
avg leaf node depth: 9.02461
num leaf nodes: 41770
starting tree 1
max depth: 26
avg leaf node depth: 8.82899
num leaf nodes: 42104
starting tree 1
max depth: 25
avg leaf node depth: 8.87728
num leaf nodes: 42356
starting tree 1
max depth: 25
avg leaf node depth: 8.9594
num leaf nodes: 41971
starting tree 1
max depth: 25
avg leaf node depth: 8.9387
num leaf nodes: 42104
starting tree 1
max depth: 23
avg leaf node depth: 8.70571
num leaf nodes: 41643
starting tree 1
max depth: 24
avg leaf node depth: 8.8088
num leaf nodes: 41736
starting tree 1
max depth: 24
avg leaf node depth: 8.90547
num leaf nodes: 43076
starting tree 1
max depth: 24
avg leaf node depth: 8.94996
num leaf nodes: 43324
starting tree 1
max depth: 20
avg leaf node depth: 7.87464
num leaf nodes: 18116
starting tree 1
max depth: 22
avg leaf node depth: 8.10768
num leaf nodes: 17952
starting tree 1
max depth: 19
avg leaf node depth: 7.84517
num leaf nodes: 17910
starting tree 1
max depth: 18
avg leaf node depth: 7.85703
num leaf nodes: 18123
starting tree 1
max depth: 20
avg leaf node depth: 7.9322
num leaf nodes: 17891
starting tree 1
max depth: 25
avg leaf node depth: 7.93412
num leaf nodes: 18032
starting tree 1
max depth: 19
avg leaf node depth: 7.88765
num leaf nodes: 17801
starting tree 1
max depth: 19
avg leaf node depth: 7.83883
num leaf nodes: 18000
starting tree 1
max depth: 18
avg leaf node depth: 7.90087
num leaf nodes: 18642
starting tree 1
max depth: 21
avg leaf node depth: 7.95881
num leaf nodes: 18744
starting tree 1
max depth: 20
avg leaf node depth: 7.52105
num leaf nodes: 16202
starting tree 1
max depth: 21
avg leaf node depth: 7.65347
num leaf nodes: 16195
starting tree 1
max depth: 18
avg leaf node depth: 7.42732
num leaf nodes: 16159
starting tree 1
max depth: 17
avg leaf node depth: 7.54353
num leaf nodes: 16148
starting tree 1
max depth: 20
avg leaf node depth: 7.49843
num leaf nodes: 15966
starting tree 1
max depth: 19
avg leaf node depth: 7.53903
num leaf nodes: 16179
starting tree 1
max depth: 18
avg leaf node depth: 7.42346
num leaf nodes: 15860
starting tree 1
max depth: 19
avg leaf node depth: 7.51379
num leaf nodes: 16100
starting tree 1
max depth: 19
avg leaf node depth: 7.56705
num leaf nodes: 16457
starting tree 1
max depth: 19
avg leaf node depth: 7.66486
num leaf nodes: 16572
starting tree 1
max depth: 17
avg leaf node depth: 7.53366
num leaf nodes: 13548
starting tree 1
max depth: 21
avg leaf node depth: 7.68442
num leaf nodes: 13369
starting tree 1
max depth: 20
avg leaf node depth: 7.46694
num leaf nodes: 13368
starting tree 1
max depth: 17
avg leaf node depth: 7.43218
num leaf nodes: 13499
starting tree 1
max depth: 18
avg leaf node depth: 7.48363
num leaf nodes: 13378
starting tree 1
max depth: 20
avg leaf node depth: 7.50201
num leaf nodes: 13448
starting tree 1
max depth: 19
avg leaf node depth: 7.46417
num leaf nodes: 13325
starting tree 1
max depth: 18
avg leaf node depth: 7.48899
num leaf nodes: 13393
starting tree 1
max depth: 18
avg leaf node depth: 7.58441
num leaf nodes: 13819
starting tree 1
max depth: 18
avg leaf node depth: 7.49134
num leaf nodes: 13803
starting tree 1
max depth: 24
avg leaf node depth: 8.98746
num leaf nodes: 29415
starting tree 1
max depth: 26
avg leaf node depth: 9.05243
num leaf nodes: 29355
starting tree 1
max depth: 24
avg leaf node depth: 8.8178
num leaf nodes: 29643
starting tree 1
max depth: 22
avg leaf node depth: 8.79505
num leaf nodes: 29475
starting tree 1
max depth: 25
avg leaf node depth: 8.91679
num leaf nodes: 29469
starting tree 1
max depth: 25
avg leaf node depth: 8.97256
num leaf nodes: 29368
starting tree 1
max depth: 22
avg leaf node depth: 8.7716
num leaf nodes: 29243
starting tree 1
max depth: 25
avg leaf node depth: 8.78003
num leaf nodes: 29290
starting tree 1
max depth: 24
avg leaf node depth: 8.81679
num leaf nodes: 30059
starting tree 1
max depth: 24
avg leaf node depth: 8.92146
num leaf nodes: 30225
starting tree 1
max depth: 2
avg leaf node depth: 2
num leaf nodes: 1600
starting tree 1
max depth: 2
avg leaf node depth: 1.99875
num leaf nodes: 1598
starting tree 1
max depth: 2
avg leaf node depth: 2
num leaf nodes: 1600
starting tree 1
max depth: 2
avg leaf node depth: 2
num leaf nodes: 1600
starting tree 1
max depth: 2
avg leaf node depth: 1.99937
num leaf nodes: 1599
starting tree 1
max depth: 2
avg leaf node depth: 2
num leaf nodes: 1600
starting tree 1
max depth: 2
avg leaf node depth: 2
num leaf nodes: 1600
starting tree 1
max depth: 2
avg leaf node depth: 2
num leaf nodes: 1600
starting tree 1
max depth: 2
avg leaf node depth: 2
num leaf nodes: 1600
starting tree 1
max depth: 2
avg leaf node depth: 2
num leaf nodes: 1600
starting tree 1
max depth: 21
avg leaf node depth: 7.69237
num leaf nodes: 22498
starting tree 1
max depth: 21
avg leaf node depth: 7.79973
num leaf nodes: 22445
starting tree 1
max depth: 20
avg leaf node depth: 7.66884
num leaf nodes: 22442
starting tree 1
max depth: 20
avg leaf node depth: 7.69187
num leaf nodes: 22627
starting tree 1
max depth: 20
avg leaf node depth: 7.67513
num leaf nodes: 22332
starting tree 1
max depth: 20
avg leaf node depth: 7.67753
num leaf nodes: 22464
starting tree 1
max depth: 20
avg leaf node depth: 7.62329
num leaf nodes: 22256
starting tree 1
max depth: 19
avg leaf node depth: 7.67352
num leaf nodes: 22415
starting tree 1
max depth: 22
avg leaf node depth: 7.68535
num leaf nodes: 23137
starting tree 1
max depth: 19
avg leaf node depth: 7.69942
num leaf nodes: 23212
starting tree 1
max depth: 20
avg leaf node depth: 7.93561
num leaf nodes: 19786
starting tree 1
max depth: 22
avg leaf node depth: 8.12039
num leaf nodes: 19669
starting tree 1
max depth: 21
avg leaf node depth: 7.9383
num leaf nodes: 19804
starting tree 1
max depth: 19
avg leaf node depth: 7.95676
num leaf nodes: 19911
starting tree 1
max depth: 20
avg leaf node depth: 8.006
num leaf nodes: 19679
starting tree 1
max depth: 21
avg leaf node depth: 8.00356
num leaf nodes: 19661
starting tree 1
max depth: 18
avg leaf node depth: 7.91537
num leaf nodes: 19520
starting tree 1
max depth: 21
avg leaf node depth: 7.97962
num leaf nodes: 19527
starting tree 1
max depth: 23
avg leaf node depth: 7.99583
num leaf nodes: 20136
starting tree 1
max depth: 19
avg leaf node depth: 7.99907
num leaf nodes: 20329
starting tree 1
max depth: 22
avg leaf node depth: 8.53098
num leaf nodes: 4100
starting tree 1
max depth: 22
avg leaf node depth: 8.82665
num leaf nodes: 4038
starting tree 1
max depth: 19
avg leaf node depth: 8.56825
num leaf nodes: 4088
starting tree 1
max depth: 20
avg leaf node depth: 8.7246
num leaf nodes: 3987
starting tree 1
max depth: 19
avg leaf node depth: 8.679
num leaf nodes: 4081
starting tree 1
max depth: 22
avg leaf node depth: 8.76833
num leaf nodes: 4010
starting tree 1
max depth: 20
avg leaf node depth: 8.54667
num leaf nodes: 4039
starting tree 1
max depth: 20
avg leaf node depth: 8.73646
num leaf nodes: 3988
starting tree 1
max depth: 20
avg leaf node depth: 8.53708
num leaf nodes: 4167
starting tree 1
max depth: 19
avg leaf node depth: 8.7648
num leaf nodes: 4171
starting tree 1
max depth: 23
avg leaf node depth: 7.94783
num leaf nodes: 24993
starting tree 1
9971
Data set: ilpd: 
0.7564766839378239
Time: 0:00:05.589223
0.7253886010362695
Time: 0:00:00.019507
0.7357512953367875
Time: 0:00:00.079849
0.7098445595854922
Time: 0:00:00.019444
max depth: 17
avg leaf node depth: 6.97924
num leaf nodes: 17873
Finished with job 38927508
