starting tree 1
max depth: 37
avg leaf node depth: 16.4887
num leaf nodes: 394844
starting tree 1
max depth: 36
avg leaf node depth: 16.4446
num leaf nodes: 395496
starting tree 1
max depth: 41
avg leaf node depth: 16.4742
num leaf nodes: 396246
starting tree 1
max depth: 40
avg leaf node depth: 16.4008
num leaf nodes: 394938
starting tree 1
max depth: 39
avg leaf node depth: 16.5928
num leaf nodes: 394785
starting tree 1
max depth: 39
avg leaf node depth: 16.444
num leaf nodes: 396695
starting tree 1
max depth: 36
avg leaf node depth: 16.4354
num leaf nodes: 396677
starting tree 1
max depth: 39
avg leaf node depth: 16.4811
num leaf nodes: 396812
starting tree 1
max depth: 37
avg leaf node depth: 16.56
num leaf nodes: 396556
starting tree 1
max depth: 37
avg leaf node depth: 16.4475
num leaf nodes: 396247
starting tree 1
max depth: 40
avg leaf node depth: 16.4809
num leaf nodes: 1165433
starting tree 1
max depth: 38
avg leaf node depth: 16.5062
num leaf nodes: 1165295
starting tree 1
max depth: 40
avg leaf node depth: 16.539
num leaf nodes: 1169120
starting tree 1
max depth: 41
avg leaf node depth: 16.4855
num leaf nodes: 1168808
starting tree 1
max depth: 41
avg leaf node depth: 16.4658
num leaf nodes: 1168557
starting tree 1
max depth: 40
avg leaf node depth: 16.4985
num leaf nodes: 1173687
starting tree 1
max depth: 38
avg leaf node depth: 16.5476
num leaf nodes: 1167822
starting tree 1
max depth: 38
avg leaf node depth: 16.5238
num leaf nodes: 1173830
starting tree 1
max depth: 40
avg leaf node depth: 16.5145
num leaf nodes: 1174813
starting tree 1
max depth: 41
avg leaf node depth: 16.421
num leaf nodes: 1171128
starting tree 1
max depth: 47
avg leaf node depth: 17.9138
num leaf nodes: 658838
starting tree 1
max depth: 46
avg leaf node depth: 17.8982
num leaf nodes: 658935
starting tree 1
max depth: 48
avg leaf node depth: 17.8402
num leaf nodes: 660579
starting tree 1
max depth: 49
avg leaf node depth: 17.8473
num leaf nodes: 659885
starting tree 1
max depth: 50
avg leaf node depth: 17.7775
num leaf nodes: 659127
starting tree 1
max depth: 48
avg leaf node depth: 17.8268
num leaf nodes: 661721
starting tree 1
max depth: 46
avg leaf node depth: 17.971
num leaf nodes: 661182
starting tree 1
max depth: 47
avg leaf node depth: 17.9105
num leaf nodes: 659908
starting tree 1
max depth: 48
avg leaf node depth: 17.9261
num leaf nodes: 660083
starting tree 1
max depth: 44
avg leaf node depth: 17.8711
num leaf nodes: 660105
starting tree 1
max depth: 42
avg leaf node depth: 17.2553
num leaf nodes: 418124
starting tree 1
max depth: 46
avg leaf node depth: 17.24
num leaf nodes: 416083
starting tree 1
max depth: 43
avg leaf node depth: 17.2343
num leaf nodes: 420219
starting tree 1
max depth: 43
avg leaf node depth: 17.204
num leaf nodes: 418235
starting tree 1
max depth: 45
avg leaf node depth: 17.2274
num leaf nodes: 418360
starting tree 1
max depth: 39
avg leaf node depth: 17.184
num leaf nodes: 419780
starting tree 1
max depth: 45
avg leaf node depth: 17.2509
num leaf nodes: 418906
starting tree 1
max depth: 43
avg leaf node depth: 17.3074
num leaf nodes: 418033
starting tree 1
max depth: 43
avg leaf node depth: 17.2954
num leaf nodes: 417958
starting tree 1
max depth: 44
avg leaf node depth: 17.3253
num leaf nodes: 419940
starting tree 1
max depth: 41
avg leaf node depth: 16.3625
num leaf nodes: 908457
starting tree 1
max depth: 42
avg leaf node depth: 16.4318
num leaf nodes: 907236
starting tree 1
max depth: 37
avg leaf node depth: 16.5259
num leaf nodes: 909504
starting tree 1
max depth: 38
avg leaf node depth: 16.5057
num leaf nodes: 909704
starting tree 1
max depth: 38
avg leaf node depth: 16.4213
num leaf nodes: 908459
starting tree 1
max depth: 39
avg leaf node depth: 16.486
num leaf nodes: 914301
starting tree 1
max depth: 37
avg leaf node depth: 16.485
num leaf nodes: 907855
starting tree 1
max depth: 39
avg leaf node depth: 16.4851
num leaf nodes: 912906
starting tree 1
max depth: 40
avg leaf node depth: 16.4634
num leaf nodes: 913115
starting tree 1
max depth: 38
avg leaf node depth: 16.5082
num leaf nodes: 911142
starting tree 1
max depth: 40
avg leaf node depth: 16.5717
num leaf nodes: 838443
starting tree 1
max depth: 39
avg leaf node depth: 16.594
num leaf nodes: 836502
starting tree 1
max depth: 40
avg leaf node depth: 16.5135
num leaf nodes: 840956
starting tree 1
max depth: 41
avg leaf node depth: 16.5076
num leaf nodes: 838448
starting tree 1
max depth: 39
avg leaf node depth: 16.4844
num leaf nodes: 837788
starting tree 1
max depth: 39
avg leaf node depth: 16.5487
num leaf nodes: 845245
starting tree 1
max depth: 39
avg leaf node depth: 16.4979
num leaf nodes: 839872
starting tree 1
max depth: 43
avg leaf node depth: 16.4502
num leaf nodes: 842319
starting tree 1
max depth: 40
avg leaf node depth: 16.4839
num leaf nodes: 839497
starting tree 1
max depth: 40
avg leaf node depth: 16.5908
num leaf nodes: 840717
starting tree 1
max depth: 38
avg leaf node depth: 16.4166
num leaf nodes: 920899
starting tree 1
max depth: 37
avg leaf node depth: 16.4278
num leaf nodes: 922649
starting tree 1
max depth: 38
avg leaf node depth: 16.5047
num leaf nodes: 925618
starting tree 1
max depth: 39
avg leaf node depth: 16.3866
num leaf nodes: 923400
starting tree 1
max depth: 40
avg leaf node depth: 16.5915
num leaf nodes: 920759
starting tree 1
max depth: 38
avg leaf node depth: 16.5367
num leaf nodes: 927488
starting tree 1
max depth: 36
avg leaf node depth: 16.4051
num leaf nodes: 924316
starting tree 1
max depth: 40
avg leaf node depth: 16.4656
num leaf nodes: 926585
starting tree 1
max depth: 39
avg leaf node depth: 16.4941
num leaf nodes: 924350
starting tree 1
max depth: 37
avg leaf node depth: 16.4597
num leaf nodes: 922689
starting tree 1
max depth: 42
avg leaf node depth: 16.6527
num leaf nodes: 836221
starting tree 1
max depth: 39
avg leaf node depth: 16.6878
num leaf nodes: 837438
starting tree 1
max depth: 40
avg leaf node depth: 16.5877
num leaf nodes: 841969
starting tree 1
max depth: 41
avg leaf node depth: 16.4656
num leaf nodes: 839124
starting tree 1
max depth: 38
avg leaf node depth: 16.5082
num leaf nodes: 837819
starting tree 1
max depth: 40
avg leaf node depth: 16.498
num leaf nodes: 841134
starting tree 1
max depth: 40
avg leaf node depth: 16.4994
num leaf nodes: 837518
starting tree 1
max depth: 39
avg leaf node depth: 16.4914
num leaf nodes: 843519
starting tree 1
max depth: 40
avg leaf node depth: 16.5353
num leaf nodes: 841097
starting tree 1
max depth: 40
avg leaf node depth: 16.5803
num leaf nodes: 840021
starting tree 1
max depth: 35
avg leaf node depth: 16.5057
num leaf nodes: 255354
starting tree 1
max depth: 36
avg leaf node depth: 16.4815
num leaf nodes: 253095
starting tree 1
max depth: 40
avg leaf node depth: 16.4296
num leaf nodes: 257432
starting tree 1
max depth: 37
avg leaf node depth: 16.5137
num leaf nodes: 256250
starting tree 1
max depth: 36
avg leaf node depth: 16.5277
num leaf nodes: 254808
starting tree 1
max depth: 37
avg leaf node depth: 16.3673
num leaf nodes: 255597
starting tree 1
max depth: 39
avg leaf node depth: 16.5093
num leaf nodes: 255144
starting tree 1
max depth: 37
avg leaf node depth: 16.3181
num leaf nodes: 257188
starting tree 1
max depth: 34
avg leaf node depth: 16.3448
num leaf nodes: 254975
starting tree 1
max depth: 38
avg leaf node depth: 16.582
num leaf nodes: 256833
starting tree 1
max depth: 35
avg leaf node depth: 16.0334
num leaf nodes: 563675
starting tree 1
max depth: 38
avg leaf node depth: 16.0052
num leaf nodes: 561352
starting tree 1
max depth: 37
avg leaf node depth: 16.078
num leaf nodes: 565658
starting tree 1
max depth: 37
avg leaf node depth: 15.9557
num leaf nodes: 562998
starting tree 1
max depth: 39
avg leaf node depth: 15.9259
num leaf nodes: 564213
starting tree 1
max depth: 36
avg leaf node depth: 16.0032
num leaf nodes: 566444
starting tree 1
max depth: 37
avg leaf node depth: 15.9909
num leaf nodes: 563746
starting tree 1
max depth: 39
avg leaf node depth: 15.9381
num leaf nodes: 565300
starting tree 1
max depth: 38
avg leaf node depth: 15.9328
num leaf nodes: 563915
starting tree 1
max depth: 37
avg leaf node depth: 15.9814
num leaf nodes: 565515
starting tree 1
max depth: 49
avg leaf node depth: 18.0193
num leaf nodes: 704973
starting tree 1
6
Data set: letter: 
0.9656060606060606
Time: 0:14:50.082977
0.9290909090909091
Time: 0:00:00.174946
0.958939393939394
Time: 0:00:08.591987
0.9318181818181818
Time: 0:00:00.175863
max depth: 45
avg leaf node depth: 17.3852
num leaf nodes: 545883
Finished with job 38922718
