starting tree 1
max depth: 16
avg leaf node depth: 6.85183
num leaf nodes: 4326
starting tree 1
max depth: 17
avg leaf node depth: 6.93192
num leaf nodes: 4260
starting tree 1
max depth: 16
avg leaf node depth: 7.02193
num leaf nodes: 4241
starting tree 1
max depth: 17
avg leaf node depth: 6.84416
num leaf nodes: 4248
starting tree 1
max depth: 16
avg leaf node depth: 6.88928
num leaf nodes: 4308
starting tree 1
max depth: 19
avg leaf node depth: 7.15942
num leaf nodes: 4391
starting tree 1
max depth: 17
avg leaf node depth: 6.8591
num leaf nodes: 4237
starting tree 1
max depth: 15
avg leaf node depth: 6.69437
num leaf nodes: 3995
starting tree 1
max depth: 16
avg leaf node depth: 6.72532
num leaf nodes: 3870
starting tree 1
max depth: 14
avg leaf node depth: 6.21642
num leaf nodes: 3387
starting tree 1
max depth: 16
avg leaf node depth: 7.17428
num leaf nodes: 5210
starting tree 1
max depth: 17
avg leaf node depth: 7.27208
num leaf nodes: 5322
starting tree 1
max depth: 17
avg leaf node depth: 7.34995
num leaf nodes: 5315
starting tree 1
max depth: 18
avg leaf node depth: 7.27065
num leaf nodes: 5158
starting tree 1
max depth: 18
avg leaf node depth: 7.27423
num leaf nodes: 5273
starting tree 1
max depth: 17
avg leaf node depth: 7.29485
num leaf nodes: 5318
starting tree 1
max depth: 17
avg leaf node depth: 7.33442
num leaf nodes: 5221
starting tree 1
max depth: 15
avg leaf node depth: 7.08698
num leaf nodes: 4932
starting tree 1
max depth: 18
avg leaf node depth: 7.21565
num leaf nodes: 4818
starting tree 1
max depth: 16
avg leaf node depth: 6.89666
num leaf nodes: 4374
starting tree 1
max depth: 17
avg leaf node depth: 7.12397
num leaf nodes: 10551
starting tree 1
max depth: 18
avg leaf node depth: 7.20817
num leaf nodes: 10554
starting tree 1
max depth: 18
avg leaf node depth: 7.4133
num leaf nodes: 10479
starting tree 1
max depth: 18
avg leaf node depth: 7.33362
num leaf nodes: 10590
starting tree 1
max depth: 19
avg leaf node depth: 7.22406
num leaf nodes: 10533
starting tree 1
max depth: 18
avg leaf node depth: 7.35219
num leaf nodes: 10750
starting tree 1
max depth: 20
avg leaf node depth: 7.27676
num leaf nodes: 10370
starting tree 1
max depth: 20
avg leaf node depth: 7.13812
num leaf nodes: 9926
starting tree 1
max depth: 17
avg leaf node depth: 7.31882
num leaf nodes: 9833
starting tree 1
max depth: 17
avg leaf node depth: 6.80717
num leaf nodes: 8484
starting tree 1
max depth: 17
avg leaf node depth: 6.54282
num leaf nodes: 13522
starting tree 1
max depth: 19
avg leaf node depth: 6.79216
num leaf nodes: 13809
starting tree 1
max depth: 20
avg leaf node depth: 6.81289
num leaf nodes: 13436
starting tree 1
max depth: 17
avg leaf node depth: 6.70963
num leaf nodes: 13662
starting tree 1
max depth: 19
avg leaf node depth: 6.71968
num leaf nodes: 13413
starting tree 1
max depth: 20
avg leaf node depth: 6.91619
num leaf nodes: 13733
starting tree 1
max depth: 18
avg leaf node depth: 6.72802
num leaf nodes: 13376
starting tree 1
max depth: 19
avg leaf node depth: 6.58702
num leaf nodes: 12618
starting tree 1
max depth: 17
avg leaf node depth: 6.51501
num leaf nodes: 12289
starting tree 1
max depth: 15
avg leaf node depth: 5.67488
num leaf nodes: 10510
starting tree 1
max depth: 17
avg leaf node depth: 6.60795
num leaf nodes: 8402
starting tree 1
max depth: 20
avg leaf node depth: 6.77543
num leaf nodes: 8407
starting tree 1
max depth: 20
avg leaf node depth: 6.82526
num leaf nodes: 8378
starting tree 1
max depth: 17
avg leaf node depth: 6.73614
num leaf nodes: 8569
starting tree 1
max depth: 17
avg leaf node depth: 6.69627
num leaf nodes: 8310
starting tree 1
max depth: 18
avg leaf node depth: 7.03859
num leaf nodes: 8604
starting tree 1
max depth: 18
avg leaf node depth: 6.75818
num leaf nodes: 8316
starting tree 1
max depth: 16
avg leaf node depth: 6.64825
num leaf nodes: 7872
starting tree 1
max depth: 17
avg leaf node depth: 6.39802
num leaf nodes: 7575
starting tree 1
max depth: 13
avg leaf node depth: 5.71623
num leaf nodes: 6625
starting tree 1
max depth: 16
avg leaf node depth: 6.63631
num leaf nodes: 3459
starting tree 1
max depth: 17
avg leaf node depth: 6.78671
num leaf nodes: 3460
starting tree 1
max depth: 16
avg leaf node depth: 6.8433
num leaf nodes: 3344
starting tree 1
max depth: 18
avg leaf node depth: 6.67274
num leaf nodes: 3404
starting tree 1
max depth: 17
avg leaf node depth: 6.7698
num leaf nodes: 3358
starting tree 1
max depth: 16
avg leaf node depth: 6.86678
num leaf nodes: 3408
starting tree 1
max depth: 18
avg leaf node depth: 6.66997
num leaf nodes: 3327
starting tree 1
max depth: 18
avg leaf node depth: 6.65403
num leaf nodes: 3191
starting tree 1
max depth: 15
avg leaf node depth: 6.52609
num leaf nodes: 3085
starting tree 1
max depth: 12
avg leaf node depth: 5.75676
num leaf nodes: 2701
starting tree 1
max depth: 17
avg leaf node depth: 6.83109
num leaf nodes: 21515
starting tree 1
max depth: 18
avg leaf node depth: 6.96109
num leaf nodes: 21535
starting tree 1
max depth: 19
avg leaf node depth: 6.97533
num leaf nodes: 21115
starting tree 1
max depth: 18
avg leaf node depth: 6.92368
num leaf nodes: 21529
starting tree 1
max depth: 19
avg leaf node depth: 6.90988
num leaf nodes: 21249
starting tree 1
max depth: 19
avg leaf node depth: 7.07718
num leaf nodes: 21780
starting tree 1
max depth: 19
avg leaf node depth: 6.97041
num leaf nodes: 21190
starting tree 1
max depth: 18
avg leaf node depth: 6.80204
num leaf nodes: 20115
starting tree 1
max depth: 16
avg leaf node depth: 6.81386
num leaf nodes: 19442
starting tree 1
max depth: 16
avg leaf node depth: 6.26116
num leaf nodes: 17120
starting tree 1
max depth: 17
avg leaf node depth: 6.55088
num leaf nodes: 6791
starting tree 1
max depth: 17
avg leaf node depth: 6.64064
num leaf nodes: 6787
starting tree 1
max depth: 17
avg leaf node depth: 6.80346
num leaf nodes: 6701
starting tree 1
max depth: 18
avg leaf node depth: 6.65312
num leaf nodes: 6720
starting tree 1
max depth: 18
avg leaf node depth: 6.70263
num leaf nodes: 6645
starting tree 1
max depth: 20
avg leaf node depth: 7.04276
num leaf nodes: 6899
starting tree 1
max depth: 19
avg leaf node depth: 6.73391
num leaf nodes: 6618
starting tree 1
max depth: 17
avg leaf node depth: 6.65525
num leaf nodes: 6335
starting tree 1
max depth: 17
avg leaf node depth: 6.51026
num leaf nodes: 6093
starting tree 1
max depth: 13
avg leaf node depth: 5.71188
num leaf nodes: 5286
starting tree 1
max depth: 18
avg leaf node depth: 7.21785
num leaf nodes: 18435
starting tree 1
max depth: 19
avg leaf node depth: 7.27999
num leaf nodes: 18415
starting tree 1
max depth: 19
avg leaf node depth: 7.35518
num leaf nodes: 18191
starting tree 1
max depth: 18
avg leaf node depth: 7.27666
num leaf nodes: 18568
starting tree 1
max depth: 18
avg leaf node depth: 7.20025
num leaf nodes: 18487
starting tree 1
max depth: 18
avg leaf node depth: 7.35515
num leaf nodes: 18643
starting tree 1
max depth: 19
avg leaf node depth: 7.22833
num leaf nodes: 18031
starting tree 1
max depth: 18
avg leaf node depth: 7.12608
num leaf nodes: 17322
starting tree 1
max depth: 19
avg leaf node depth: 7.2117
num leaf nodes: 16892
starting tree 1
max depth: 16
avg leaf node depth: 6.7906
num leaf nodes: 14962
starting tree 1
max depth: 19
avg leaf node depth: 7.26649
num leaf nodes: 26252
starting tree 1
max depth: 19
avg leaf node depth: 7.28457
num leaf nodes: 26493
starting tree 1
max depth: 19
avg leaf node depth: 7.39376
num leaf nodes: 26173
starting tree 1
max depth: 18
avg leaf node depth: 7.27613
num leaf nodes: 26075
starting tree 1
max depth: 19
avg leaf node depth: 7.21213
num leaf nodes: 26116
starting tree 1
max depth: 20
avg leaf node depth: 7.37835
num leaf nodes: 26848
starting tree 1
max depth: 18
avg leaf node depth: 7.26425
num leaf nodes: 26032
starting tree 1
max depth: 21
avg leaf node depth: 7.10094
num leaf nodes: 24470
starting tree 1
max depth: 21
avg leaf node depth: 7.20934
num leaf nodes: 24200
starting tree 1
max depth: 17
avg leaf node depth: 6.82982
num leaf nodes: 21389
starting tree 1
max depth: 18
avg leaf node depth: 7.49741
num leaf nodes: 11405
starting tree 1
max depth: 15
avg leaf node depth: 6.3377
num leaf nodes: 7175
starting tree 1
max depth: 42
avg leaf node depth: 10.8728
num leaf nodes: 18443
starting tree 1
max depth: 28
avg leaf node depth: 10.6848
num leaf nodes: 18008
starting tree 1
max depth: 28
avg leaf node depth: 10.7112
num leaf nodes: 18346
starting tree 1
max depth: 31
avg leaf node depth: 10.9269
num leaf nodes: 18757
starting tree 1
max depth: 30
avg leaf node depth: 10.9804
num leaf nodes: 18102
starting tree 1
max depth: 29
avg leaf node depth: 10.9362
num leaf nodes: 18384
starting tree 1
max depth: 26
avg leaf node depth: 10.6752
num leaf nodes: 18379
starting tree 1
max depth: 29
avg leaf node depth: 10.9219
num leaf nodes: 19025
starting tree 1
max depth: 37
avg leaf node depth: 10.8233
num leaf nodes: 18772
starting tree 1
max depth: 31
avg leaf node depth: 10.8995
num leaf nodes: 19068
starting tree 1
max depth: 30
avg leaf node depth: 10.9216
num leaf nodes: 18150
starting tree 1
max depth: 30
avg leaf node depth: 10.3362
num leaf nodes: 17637
starting tree 1
max depth: 31
avg leaf node depth: 10.4618
num leaf nodes: 17769
starting tree 1
max depth: 36
avg leaf node depth: 10.9826
num leaf nodes: 18343
starting tree 1
max depth: 33
avg leaf node depth: 10.8848
num leaf nodes: 17228
starting tree 1
max depth: 32
avg leaf node depth: 10.6481
num leaf nodes: 17781
starting tree 1
max depth: 33
avg leaf node depth: 10.6322
num leaf nodes: 17848
starting tree 1
max depth: 32
avg leaf node depth: 10.6291
num leaf nodes: 18390
starting tree 1
max depth: 29
avg leaf node depth: 10.753
num leaf nodes: 17901
starting tree 1
max depth: 36
avg leaf node depth: 11.0044
num leaf nodes: 18505
starting tree 1
max depth: 31
avg leaf node depth: 10.8606
num leaf nodes: 75708
starting tree 1
max depth: 31
avg leaf node depth: 10.4429
num leaf nodes: 72730
starting tree 1
max depth: 30
avg leaf node depth: 10.6461
num leaf nodes: 73914
starting tree 1
max depth: 34
avg leaf node depth: 11.0713
num leaf nodes: 76080
starting tree 1
max depth: 34
avg leaf node depth: 10.9087
num leaf nodes: 72534
starting tree 1
max depth: 33
avg leaf node depth: 10.7583
num leaf nodes: 74264
starting tree 1
max depth: 32
avg leaf node depth: 10.7576
num leaf nodes: 74476
starting tree 1
max depth: 32
avg leaf node depth: 10.6702
num leaf nodes: 76401
starting tree 1
max depth: 37
avg leaf node depth: 10.7302
num leaf nodes: 75034
starting tree 1
max depth: 36
avg leaf node depth: 10.9068
num leaf nodes: 77008
starting tree 1
max depth: 31
avg leaf node depth: 10.873
num leaf nodes: 47016
starting tree 1
max depth: 28
avg leaf node depth: 10.3104
num leaf nodes: 45628
starting tree 1
max depth: 29
avg leaf node depth: 10.5761
num leaf nodes: 46641
starting tree 1
max depth: 37
avg leaf node depth: 10.9182
num leaf nodes: 47606
starting tree 1
max depth: 29
avg leaf node depth: 10.8371
num leaf nodes: 45165
starting tree 1
max depth: 32
avg leaf node depth: 10.6695
num leaf nodes: 46393
starting tree 1
max depth: 32
avg leaf node depth: 10.6191
num leaf nodes: 46415
starting tree 1
max depth: 29
avg leaf node depth: 10.5201
num leaf nodes: 47980
starting tree 1
max depth: 39
avg leaf node depth: 10.6748
num leaf nodes: 46666
starting tree 1
max depth: 30
avg leaf node depth: 10.8323
num leaf nodes: 48342
starting tree 1
max depth: 34
avg leaf node depth: 10.8987
num leaf nodes: 23522
starting tree 1slurmstepd: error: *** JOB 38927551 ON bigmem0010 CANCELLED AT 2019-12-21T17:36:56 ***
